This is pdfTeX, Version 3.14159265-2.6-1.40.15 (TeX Live 2014) (preloaded format=pdflatex 2015.4.22)  6 JUN 2015 19:30
entering extended mode
 restricted \write18 enabled.
 %&-line parsing enabled.
**main.tex
(./main.tex
LaTeX2e <2014/05/01>
Babel <3.9k> and hyphenation patterns for 78 languages loaded.
(./define.tex (/usr/local/texlive/2014/texmf-dist/tex/latex/base/article.cls
Document Class: article 2007/10/19 v1.4h Standard LaTeX document class
(/usr/local/texlive/2014/texmf-dist/tex/latex/base/size12.clo
File: size12.clo 2007/10/19 v1.4h Standard LaTeX file (size option)
)
\c@part=\count79
\c@section=\count80
\c@subsection=\count81
\c@subsubsection=\count82
\c@paragraph=\count83
\c@subparagraph=\count84
\c@figure=\count85
\c@table=\count86
\abovecaptionskip=\skip41
\belowcaptionskip=\skip42
\bibindent=\dimen102
)
(/usr/local/texlive/2014/texmf-dist/tex/latex/base/inputenc.sty
Package: inputenc 2014/04/30 v1.2b Input encoding file
\inpenc@prehook=\toks14
\inpenc@posthook=\toks15

(/usr/local/texlive/2014/texmf-dist/tex/latex/base/utf8.def
File: utf8.def 2008/04/05 v1.1m UTF-8 support for inputenc
Now handling font encoding OML ...
... no UTF-8 mapping file for font encoding OML
Now handling font encoding T1 ...
... processing UTF-8 mapping file for font encoding T1

(/usr/local/texlive/2014/texmf-dist/tex/latex/base/t1enc.dfu
File: t1enc.dfu 2008/04/05 v1.1m UTF-8 support for inputenc
   defining Unicode char U+00A1 (decimal 161)
   defining Unicode char U+00A3 (decimal 163)
   defining Unicode char U+00AB (decimal 171)
   defining Unicode char U+00BB (decimal 187)
   defining Unicode char U+00BF (decimal 191)
   defining Unicode char U+00C0 (decimal 192)
   defining Unicode char U+00C1 (decimal 193)
   defining Unicode char U+00C2 (decimal 194)
   defining Unicode char U+00C3 (decimal 195)
   defining Unicode char U+00C4 (decimal 196)
   defining Unicode char U+00C5 (decimal 197)
   defining Unicode char U+00C6 (decimal 198)
   defining Unicode char U+00C7 (decimal 199)
   defining Unicode char U+00C8 (decimal 200)
   defining Unicode char U+00C9 (decimal 201)
   defining Unicode char U+00CA (decimal 202)
   defining Unicode char U+00CB (decimal 203)
   defining Unicode char U+00CC (decimal 204)
   defining Unicode char U+00CD (decimal 205)
   defining Unicode char U+00CE (decimal 206)
   defining Unicode char U+00CF (decimal 207)
   defining Unicode char U+00D0 (decimal 208)
   defining Unicode char U+00D1 (decimal 209)
   defining Unicode char U+00D2 (decimal 210)
   defining Unicode char U+00D3 (decimal 211)
   defining Unicode char U+00D4 (decimal 212)
   defining Unicode char U+00D5 (decimal 213)
   defining Unicode char U+00D6 (decimal 214)
   defining Unicode char U+00D8 (decimal 216)
   defining Unicode char U+00D9 (decimal 217)
   defining Unicode char U+00DA (decimal 218)
   defining Unicode char U+00DB (decimal 219)
   defining Unicode char U+00DC (decimal 220)
   defining Unicode char U+00DD (decimal 221)
   defining Unicode char U+00DE (decimal 222)
   defining Unicode char U+00DF (decimal 223)
   defining Unicode char U+00E0 (decimal 224)
   defining Unicode char U+00E1 (decimal 225)
   defining Unicode char U+00E2 (decimal 226)
   defining Unicode char U+00E3 (decimal 227)
   defining Unicode char U+00E4 (decimal 228)
   defining Unicode char U+00E5 (decimal 229)
   defining Unicode char U+00E6 (decimal 230)
   defining Unicode char U+00E7 (decimal 231)
   defining Unicode char U+00E8 (decimal 232)
   defining Unicode char U+00E9 (decimal 233)
   defining Unicode char U+00EA (decimal 234)
   defining Unicode char U+00EB (decimal 235)
   defining Unicode char U+00EC (decimal 236)
   defining Unicode char U+00ED (decimal 237)
   defining Unicode char U+00EE (decimal 238)
   defining Unicode char U+00EF (decimal 239)
   defining Unicode char U+00F0 (decimal 240)
   defining Unicode char U+00F1 (decimal 241)
   defining Unicode char U+00F2 (decimal 242)
   defining Unicode char U+00F3 (decimal 243)
   defining Unicode char U+00F4 (decimal 244)
   defining Unicode char U+00F5 (decimal 245)
   defining Unicode char U+00F6 (decimal 246)
   defining Unicode char U+00F8 (decimal 248)
   defining Unicode char U+00F9 (decimal 249)
   defining Unicode char U+00FA (decimal 250)
   defining Unicode char U+00FB (decimal 251)
   defining Unicode char U+00FC (decimal 252)
   defining Unicode char U+00FD (decimal 253)
   defining Unicode char U+00FE (decimal 254)
   defining Unicode char U+00FF (decimal 255)
   defining Unicode char U+0102 (decimal 258)
   defining Unicode char U+0103 (decimal 259)
   defining Unicode char U+0104 (decimal 260)
   defining Unicode char U+0105 (decimal 261)
   defining Unicode char U+0106 (decimal 262)
   defining Unicode char U+0107 (decimal 263)
   defining Unicode char U+010C (decimal 268)
   defining Unicode char U+010D (decimal 269)
   defining Unicode char U+010E (decimal 270)
   defining Unicode char U+010F (decimal 271)
   defining Unicode char U+0110 (decimal 272)
   defining Unicode char U+0111 (decimal 273)
   defining Unicode char U+0118 (decimal 280)
   defining Unicode char U+0119 (decimal 281)
   defining Unicode char U+011A (decimal 282)
   defining Unicode char U+011B (decimal 283)
   defining Unicode char U+011E (decimal 286)
   defining Unicode char U+011F (decimal 287)
   defining Unicode char U+0130 (decimal 304)
   defining Unicode char U+0131 (decimal 305)
   defining Unicode char U+0132 (decimal 306)
   defining Unicode char U+0133 (decimal 307)
   defining Unicode char U+0139 (decimal 313)
   defining Unicode char U+013A (decimal 314)
   defining Unicode char U+013D (decimal 317)
   defining Unicode char U+013E (decimal 318)
   defining Unicode char U+0141 (decimal 321)
   defining Unicode char U+0142 (decimal 322)
   defining Unicode char U+0143 (decimal 323)
   defining Unicode char U+0144 (decimal 324)
   defining Unicode char U+0147 (decimal 327)
   defining Unicode char U+0148 (decimal 328)
   defining Unicode char U+014A (decimal 330)
   defining Unicode char U+014B (decimal 331)
   defining Unicode char U+0150 (decimal 336)
   defining Unicode char U+0151 (decimal 337)
   defining Unicode char U+0152 (decimal 338)
   defining Unicode char U+0153 (decimal 339)
   defining Unicode char U+0154 (decimal 340)
   defining Unicode char U+0155 (decimal 341)
   defining Unicode char U+0158 (decimal 344)
   defining Unicode char U+0159 (decimal 345)
   defining Unicode char U+015A (decimal 346)
   defining Unicode char U+015B (decimal 347)
   defining Unicode char U+015E (decimal 350)
   defining Unicode char U+015F (decimal 351)
   defining Unicode char U+0160 (decimal 352)
   defining Unicode char U+0161 (decimal 353)
   defining Unicode char U+0162 (decimal 354)
   defining Unicode char U+0163 (decimal 355)
   defining Unicode char U+0164 (decimal 356)
   defining Unicode char U+0165 (decimal 357)
   defining Unicode char U+016E (decimal 366)
   defining Unicode char U+016F (decimal 367)
   defining Unicode char U+0170 (decimal 368)
   defining Unicode char U+0171 (decimal 369)
   defining Unicode char U+0178 (decimal 376)
   defining Unicode char U+0179 (decimal 377)
   defining Unicode char U+017A (decimal 378)
   defining Unicode char U+017B (decimal 379)
   defining Unicode char U+017C (decimal 380)
   defining Unicode char U+017D (decimal 381)
   defining Unicode char U+017E (decimal 382)
   defining Unicode char U+200C (decimal 8204)
   defining Unicode char U+2013 (decimal 8211)
   defining Unicode char U+2014 (decimal 8212)
   defining Unicode char U+2018 (decimal 8216)
   defining Unicode char U+2019 (decimal 8217)
   defining Unicode char U+201A (decimal 8218)
   defining Unicode char U+201C (decimal 8220)
   defining Unicode char U+201D (decimal 8221)
   defining Unicode char U+201E (decimal 8222)
   defining Unicode char U+2030 (decimal 8240)
   defining Unicode char U+2031 (decimal 8241)
   defining Unicode char U+2039 (decimal 8249)
   defining Unicode char U+203A (decimal 8250)
   defining Unicode char U+2423 (decimal 9251)
)
Now handling font encoding OT1 ...
... processing UTF-8 mapping file for font encoding OT1

(/usr/local/texlive/2014/texmf-dist/tex/latex/base/ot1enc.dfu
File: ot1enc.dfu 2008/04/05 v1.1m UTF-8 support for inputenc
   defining Unicode char U+00A1 (decimal 161)
   defining Unicode char U+00A3 (decimal 163)
   defining Unicode char U+00B8 (decimal 184)
   defining Unicode char U+00BF (decimal 191)
   defining Unicode char U+00C5 (decimal 197)
   defining Unicode char U+00C6 (decimal 198)
   defining Unicode char U+00D8 (decimal 216)
   defining Unicode char U+00DF (decimal 223)
   defining Unicode char U+00E6 (decimal 230)
   defining Unicode char U+00EC (decimal 236)
   defining Unicode char U+00ED (decimal 237)
   defining Unicode char U+00EE (decimal 238)
   defining Unicode char U+00EF (decimal 239)
   defining Unicode char U+00F8 (decimal 248)
   defining Unicode char U+0131 (decimal 305)
   defining Unicode char U+0141 (decimal 321)
   defining Unicode char U+0142 (decimal 322)
   defining Unicode char U+0152 (decimal 338)
   defining Unicode char U+0153 (decimal 339)
   defining Unicode char U+2013 (decimal 8211)
   defining Unicode char U+2014 (decimal 8212)
   defining Unicode char U+2018 (decimal 8216)
   defining Unicode char U+2019 (decimal 8217)
   defining Unicode char U+201C (decimal 8220)
   defining Unicode char U+201D (decimal 8221)
)
Now handling font encoding OMS ...
... processing UTF-8 mapping file for font encoding OMS

(/usr/local/texlive/2014/texmf-dist/tex/latex/base/omsenc.dfu
File: omsenc.dfu 2008/04/05 v1.1m UTF-8 support for inputenc
   defining Unicode char U+00A7 (decimal 167)
   defining Unicode char U+00B6 (decimal 182)
   defining Unicode char U+00B7 (decimal 183)
   defining Unicode char U+2020 (decimal 8224)
   defining Unicode char U+2021 (decimal 8225)
   defining Unicode char U+2022 (decimal 8226)
)
Now handling font encoding OMX ...
... no UTF-8 mapping file for font encoding OMX
Now handling font encoding U ...
... no UTF-8 mapping file for font encoding U
   defining Unicode char U+00A9 (decimal 169)
   defining Unicode char U+00AA (decimal 170)
   defining Unicode char U+00AE (decimal 174)
   defining Unicode char U+00BA (decimal 186)
   defining Unicode char U+02C6 (decimal 710)
   defining Unicode char U+02DC (decimal 732)
   defining Unicode char U+200C (decimal 8204)
   defining Unicode char U+2026 (decimal 8230)
   defining Unicode char U+2122 (decimal 8482)
   defining Unicode char U+2423 (decimal 9251)
))
(/usr/local/texlive/2014/texmf-dist/tex/latex/base/fontenc.sty
Package: fontenc 2005/09/27 v1.99g Standard LaTeX package

(/usr/local/texlive/2014/texmf-dist/tex/latex/base/t1enc.def
File: t1enc.def 2005/09/27 v1.99g Standard LaTeX file
LaTeX Font Info:    Redeclaring font encoding T1 on input line 43.
))
(/usr/local/texlive/2014/texmf-dist/tex/generic/babel/babel.sty
Package: babel 2014/03/24 3.9k The Babel package

(/usr/local/texlive/2014/texmf-dist/tex/generic/babel-french/frenchb.ldf
Language: frenchb 2014/04/18 v3.0c French support from the babel system

(/usr/local/texlive/2014/texmf-dist/tex/generic/babel/babel.def
File: babel.def 2014/03/24 3.9k Babel common definitions
\babel@savecnt=\count87
\U@D=\dimen103
)
\l@acadian = a dialect from \language\l@french 
\l@canadien = a dialect from \language\l@french 
\FBcolonskip=\skip43
\FBthinskip=\skip44
\FB@interchartokenstateORI=\count88
Package babel Info: Making : an active character on input line 371.
Package babel Info: Making ; an active character on input line 372.
Package babel Info: Making ! an active character on input line 373.
Package babel Info: Making ? an active character on input line 374.
\FBguillskip=\skip45
\FB@Mht=\dimen104
\std@mcc=\count89
\dec@mcc=\count90
\listindentFB=\skip46
\labelwidthFB=\skip47
\leftmarginFB=\skip48
\parindentFFN=\dimen105
))
(/usr/local/texlive/2014/texmf-dist/tex/latex/carlisle/scalefnt.sty)
(/usr/local/texlive/2014/texmf-dist/tex/latex/graphics/keyval.sty
Package: keyval 2014/05/08 v1.15 key=value parser (DPC)
\KV@toks@=\toks16
)
(/usr/local/texlive/2014/texmf-dist/tex/latex/fancyhdr/fancyhdr.sty
\fancy@headwidth=\skip49
\f@ncyO@elh=\skip50
\f@ncyO@erh=\skip51
\f@ncyO@olh=\skip52
\f@ncyO@orh=\skip53
\f@ncyO@elf=\skip54
\f@ncyO@erf=\skip55
\f@ncyO@olf=\skip56
\f@ncyO@orf=\skip57
)
(/usr/local/texlive/2014/texmf-dist/tex/latex/graphics/graphicx.sty
Package: graphicx 2014/04/25 v1.0g Enhanced LaTeX Graphics (DPC,SPQR)

(/usr/local/texlive/2014/texmf-dist/tex/latex/graphics/graphics.sty
Package: graphics 2009/02/05 v1.0o Standard LaTeX Graphics (DPC,SPQR)

(/usr/local/texlive/2014/texmf-dist/tex/latex/graphics/trig.sty
Package: trig 1999/03/16 v1.09 sin cos tan (DPC)
)
(/usr/local/texlive/2014/texmf-dist/tex/latex/latexconfig/graphics.cfg
File: graphics.cfg 2010/04/23 v1.9 graphics configuration of TeX Live
)
Package graphics Info: Driver file: pdftex.def on input line 91.

(/usr/local/texlive/2014/texmf-dist/tex/latex/pdftex-def/pdftex.def
File: pdftex.def 2011/05/27 v0.06d Graphics/color for pdfTeX

(/usr/local/texlive/2014/texmf-dist/tex/generic/oberdiek/infwarerr.sty
Package: infwarerr 2010/04/08 v1.3 Providing info/warning/error messages (HO)
)
(/usr/local/texlive/2014/texmf-dist/tex/generic/oberdiek/ltxcmds.sty
Package: ltxcmds 2011/11/09 v1.22 LaTeX kernel commands for general use (HO)
)
\Gread@gobject=\count91
))
\Gin@req@height=\dimen106
\Gin@req@width=\dimen107
)
(/usr/local/texlive/2014/texmf-dist/tex/latex/eurosym/eurosym.sty
Package: eurosym 1998/08/06 v1.1 European currency symbol ``Euro''
\@eurobox=\box26
)
(/usr/local/texlive/2014/texmf-dist/tex/latex/geometry/geometry.sty
Package: geometry 2010/09/12 v5.6 Page Geometry

(/usr/local/texlive/2014/texmf-dist/tex/generic/oberdiek/ifpdf.sty
Package: ifpdf 2011/01/30 v2.3 Provides the ifpdf switch (HO)
Package ifpdf Info: pdfTeX in PDF mode is detected.
)
(/usr/local/texlive/2014/texmf-dist/tex/generic/oberdiek/ifvtex.sty
Package: ifvtex 2010/03/01 v1.5 Detect VTeX and its facilities (HO)
Package ifvtex Info: VTeX not detected.
)
(/usr/local/texlive/2014/texmf-dist/tex/generic/ifxetex/ifxetex.sty
Package: ifxetex 2010/09/12 v0.6 Provides ifxetex conditional
)
\Gm@cnth=\count92
\Gm@cntv=\count93
\c@Gm@tempcnt=\count94
\Gm@bindingoffset=\dimen108
\Gm@wd@mp=\dimen109
\Gm@odd@mp=\dimen110
\Gm@even@mp=\dimen111
\Gm@layoutwidth=\dimen112
\Gm@layoutheight=\dimen113
\Gm@layouthoffset=\dimen114
\Gm@layoutvoffset=\dimen115
\Gm@dimlist=\toks17
)
(/usr/local/texlive/2014/texmf-dist/tex/latex/graphics/color.sty
Package: color 2014/04/23 v1.1a Standard LaTeX Color (DPC)

(/usr/local/texlive/2014/texmf-dist/tex/latex/latexconfig/color.cfg
File: color.cfg 2007/01/18 v1.5 color configuration of teTeX/TeXLive
)
Package color Info: Driver file: pdftex.def on input line 137.
)
(/usr/local/texlive/2014/texmf-dist/tex/latex/hyperref/hyperref.sty
Package: hyperref 2012/11/06 v6.83m Hypertext links for LaTeX

(/usr/local/texlive/2014/texmf-dist/tex/generic/oberdiek/hobsub-hyperref.sty
Package: hobsub-hyperref 2012/05/28 v1.13 Bundle oberdiek, subset hyperref (HO)


(/usr/local/texlive/2014/texmf-dist/tex/generic/oberdiek/hobsub-generic.sty
Package: hobsub-generic 2012/05/28 v1.13 Bundle oberdiek, subset generic (HO)
Package: hobsub 2012/05/28 v1.13 Construct package bundles (HO)
Package hobsub Info: Skipping package `infwarerr' (already loaded).
Package hobsub Info: Skipping package `ltxcmds' (already loaded).
Package: ifluatex 2010/03/01 v1.3 Provides the ifluatex switch (HO)
Package ifluatex Info: LuaTeX not detected.
Package hobsub Info: Skipping package `ifvtex' (already loaded).
Package: intcalc 2007/09/27 v1.1 Expandable calculations with integers (HO)
Package hobsub Info: Skipping package `ifpdf' (already loaded).
Package: etexcmds 2011/02/16 v1.5 Avoid name clashes with e-TeX commands (HO)
Package etexcmds Info: Could not find \expanded.
(etexcmds)             That can mean that you are not using pdfTeX 1.50 or
(etexcmds)             that some package has redefined \expanded.
(etexcmds)             In the latter case, load this package earlier.
Package: kvsetkeys 2012/04/25 v1.16 Key value parser (HO)
Package: kvdefinekeys 2011/04/07 v1.3 Define keys (HO)
Package: pdftexcmds 2011/11/29 v0.20 Utility functions of pdfTeX for LuaTeX (HO
)
Package pdftexcmds Info: LuaTeX not detected.
Package pdftexcmds Info: \pdf@primitive is available.
Package pdftexcmds Info: \pdf@ifprimitive is available.
Package pdftexcmds Info: \pdfdraftmode found.
Package: pdfescape 2011/11/25 v1.13 Implements pdfTeX's escape features (HO)
Package: bigintcalc 2012/04/08 v1.3 Expandable calculations on big integers (HO
)
Package: bitset 2011/01/30 v1.1 Handle bit-vector datatype (HO)
Package: uniquecounter 2011/01/30 v1.2 Provide unlimited unique counter (HO)
)
Package hobsub Info: Skipping package `hobsub' (already loaded).
Package: letltxmacro 2010/09/02 v1.4 Let assignment for LaTeX macros (HO)
Package: hopatch 2012/05/28 v1.2 Wrapper for package hooks (HO)
Package: xcolor-patch 2011/01/30 xcolor patch
Package: atveryend 2011/06/30 v1.8 Hooks at the very end of document (HO)
Package atveryend Info: \enddocument detected (standard20110627).
Package: atbegshi 2011/10/05 v1.16 At begin shipout hook (HO)
Package: refcount 2011/10/16 v3.4 Data extraction from label references (HO)
Package: hycolor 2011/01/30 v1.7 Color options for hyperref/bookmark (HO)
)
(/usr/local/texlive/2014/texmf-dist/tex/latex/oberdiek/auxhook.sty
Package: auxhook 2011/03/04 v1.3 Hooks for auxiliary files (HO)
)
(/usr/local/texlive/2014/texmf-dist/tex/latex/oberdiek/kvoptions.sty
Package: kvoptions 2011/06/30 v3.11 Key value format for package options (HO)
)
\@linkdim=\dimen116
\Hy@linkcounter=\count95
\Hy@pagecounter=\count96

(/usr/local/texlive/2014/texmf-dist/tex/latex/hyperref/pd1enc.def
File: pd1enc.def 2012/11/06 v6.83m Hyperref: PDFDocEncoding definition (HO)
Now handling font encoding PD1 ...
... no UTF-8 mapping file for font encoding PD1
)
\Hy@SavedSpaceFactor=\count97

(/usr/local/texlive/2014/texmf-dist/tex/latex/latexconfig/hyperref.cfg
File: hyperref.cfg 2002/06/06 v1.2 hyperref configuration of TeXLive
)
Package hyperref Info: Hyper figures OFF on input line 4443.
Package hyperref Info: Link nesting OFF on input line 4448.
Package hyperref Info: Hyper index ON on input line 4451.
Package hyperref Info: Plain pages OFF on input line 4458.
Package hyperref Info: Backreferencing OFF on input line 4463.
Package hyperref Info: Implicit mode ON; LaTeX internals redefined.
Package hyperref Info: Bookmarks ON on input line 4688.
\c@Hy@tempcnt=\count98

(/usr/local/texlive/2014/texmf-dist/tex/latex/url/url.sty
\Urlmuskip=\muskip10
Package: url 2013/09/16  ver 3.4  Verb mode for urls, etc.
)
LaTeX Info: Redefining \url on input line 5041.
\XeTeXLinkMargin=\dimen117
\Fld@menulength=\count99
\Field@Width=\dimen118
\Fld@charsize=\dimen119
Package hyperref Info: Hyper figures OFF on input line 6295.
Package hyperref Info: Link nesting OFF on input line 6300.
Package hyperref Info: Hyper index ON on input line 6303.
Package hyperref Info: backreferencing OFF on input line 6310.
Package hyperref Info: Link coloring OFF on input line 6315.
Package hyperref Info: Link coloring with OCG OFF on input line 6320.
Package hyperref Info: PDF/A mode OFF on input line 6325.
LaTeX Info: Redefining \ref on input line 6365.
LaTeX Info: Redefining \pageref on input line 6369.
\Hy@abspage=\count100
\c@Item=\count101
\c@Hfootnote=\count102
)

Package hyperref Message: Driver (autodetected): hpdftex.

(/usr/local/texlive/2014/texmf-dist/tex/latex/hyperref/hpdftex.def
File: hpdftex.def 2012/11/06 v6.83m Hyperref driver for pdfTeX
\Fld@listcount=\count103
\c@bookmark@seq@number=\count104

(/usr/local/texlive/2014/texmf-dist/tex/latex/oberdiek/rerunfilecheck.sty
Package: rerunfilecheck 2011/04/15 v1.7 Rerun checks for auxiliary files (HO)
Package uniquecounter Info: New unique counter `rerunfilecheck' on input line 2
82.
)
\Hy@SectionHShift=\skip58
)
Package hyperref Info: Option `colorlinks' set `false' on input line 20.

(tmp/main.aux)
\openout1 = `main.aux'.

LaTeX Font Info:    Checking defaults for OML/cmm/m/it on input line 57.
LaTeX Font Info:    ... okay on input line 57.
LaTeX Font Info:    Checking defaults for T1/cmr/m/n on input line 57.
LaTeX Font Info:    ... okay on input line 57.
LaTeX Font Info:    Checking defaults for OT1/cmr/m/n on input line 57.
LaTeX Font Info:    ... okay on input line 57.
LaTeX Font Info:    Checking defaults for OMS/cmsy/m/n on input line 57.
LaTeX Font Info:    ... okay on input line 57.
LaTeX Font Info:    Checking defaults for OMX/cmex/m/n on input line 57.
LaTeX Font Info:    ... okay on input line 57.
LaTeX Font Info:    Checking defaults for U/cmr/m/n on input line 57.
LaTeX Font Info:    ... okay on input line 57.
LaTeX Font Info:    Checking defaults for PD1/pdf/m/n on input line 57.
LaTeX Font Info:    ... okay on input line 57.
LaTeX Info: Redefining \degres on input line 57.
LaTeX Info: Redefining \dots on input line 57.
LaTeX Info: Redefining \up on input line 57.

(/usr/local/texlive/2014/texmf-dist/tex/context/base/supp-pdf.mkii
[Loading MPS to PDF converter (version 2006.09.02).]
\scratchcounter=\count105
\scratchdimen=\dimen120
\scratchbox=\box27
\nofMPsegments=\count106
\nofMParguments=\count107
\everyMPshowfont=\toks18
\MPscratchCnt=\count108
\MPscratchDim=\dimen121
\MPnumerator=\count109
\makeMPintoPDFobject=\count110
\everyMPtoPDFconversion=\toks19
) (/usr/local/texlive/2014/texmf-dist/tex/latex/oberdiek/epstopdf-base.sty
Package: epstopdf-base 2010/02/09 v2.5 Base part for package epstopdf

(/usr/local/texlive/2014/texmf-dist/tex/latex/oberdiek/grfext.sty
Package: grfext 2010/08/19 v1.1 Manage graphics extensions (HO)
)
Package grfext Info: Graphics extension search list:
(grfext)             [.png,.pdf,.jpg,.mps,.jpeg,.jbig2,.jb2,.PNG,.PDF,.JPG,.JPE
G,.JBIG2,.JB2,.eps]
(grfext)             \AppendGraphicsExtensions on input line 452.

(/usr/local/texlive/2014/texmf-dist/tex/latex/latexconfig/epstopdf-sys.cfg
File: epstopdf-sys.cfg 2010/07/13 v1.3 Configuration of (r)epstopdf for TeX Liv
e
))
*geometry* driver: auto-detecting
*geometry* detected driver: pdftex
*geometry* verbose mode - [ preamble ] result:
* driver: pdftex
* paper: a4paper
* layout: <same size as paper>
* layoutoffset:(h,v)=(0.0pt,0.0pt)
* modes: 
* h-part:(L,W,R)=(71.13188pt, 455.24411pt, 71.13188pt)
* v-part:(T,H,B)=(71.13188pt, 702.78308pt, 71.13188pt)
* \paperwidth=597.50787pt
* \paperheight=845.04684pt
* \textwidth=455.24411pt
* \textheight=702.78308pt
* \oddsidemargin=-1.1381pt
* \evensidemargin=-1.1381pt
* \topmargin=-38.1381pt
* \headheight=12.0pt
* \headsep=25.0pt
* \topskip=12.0pt
* \footskip=30.0pt
* \marginparwidth=35.0pt
* \marginparsep=10.0pt
* \columnsep=10.0pt
* \skip\footins=10.8pt plus 4.0pt minus 2.0pt
* \hoffset=0.0pt
* \voffset=0.0pt
* \mag=1000
* \@twocolumnfalse
* \@twosidefalse
* \@mparswitchfalse
* \@reversemarginfalse
* (1in=72.27pt=25.4mm, 1cm=28.453pt)

\AtBeginShipoutBox=\box28
Package hyperref Info: Link coloring OFF on input line 57.
(/usr/local/texlive/2014/texmf-dist/tex/latex/hyperref/nameref.sty
Package: nameref 2012/10/27 v2.43 Cross-referencing by name of section

(/usr/local/texlive/2014/texmf-dist/tex/generic/oberdiek/gettitlestring.sty
Package: gettitlestring 2010/12/03 v1.4 Cleanup title references (HO)
)
\c@section@level=\count111
)
LaTeX Info: Redefining \ref on input line 57.
LaTeX Info: Redefining \pageref on input line 57.
LaTeX Info: Redefining \nameref on input line 57.

(tmp/main.out) (tmp/main.out)
\@outlinefile=\write3
\openout3 = `main.out'.

) (tmp/main.toc
LaTeX Font Info:    External font `cmex10' loaded for size
(Font)              <12> on input line 3.
LaTeX Font Info:    External font `cmex10' loaded for size
(Font)              <8> on input line 3.
LaTeX Font Info:    External font `cmex10' loaded for size
(Font)              <6> on input line 3.
)
\tf@toc=\write4
\openout4 = `main.toc'.

 [1

{/usr/local/texlive/2014/texmf-var/fonts/map/pdftex/updmap/pdftex.map}]
<icons/cadrage.png, id=224, 48.18pt x 48.18pt>
File: icons/cadrage.png Graphic file (type png)
 <use icons/cadrage.png>
Package pdftex.def Info: icons/cadrage.png used on input line 11.
(pdftex.def)             Requested size: 11.37831pt x 11.37816pt.

Underfull \hbox (badness 10000) in paragraph at lines 6--14

 []

<divers/exemple1.png, id=228, 803.0pt x 652.4375pt>
File: divers/exemple1.png Graphic file (type png)
 <use divers/exemple1.png>
Package pdftex.def Info: divers/exemple1.png used on input line 15.
(pdftex.def)             Requested size: 409.71692pt x 332.898pt.

[2 <./icons/cadrage.png> <./divers/exemple1.png>]
File: icons/cadrage.png Graphic file (type png)
 <use icons/cadrage.png>
Package pdftex.def Info: icons/cadrage.png used on input line 23.
(pdftex.def)             Requested size: 11.37831pt x 11.37816pt.
File: icons/cadrage.png Graphic file (type png)

<use icons/cadrage.png>
Package pdftex.def Info: icons/cadrage.png used on input line 23.
(pdftex.def)             Requested size: 11.37831pt x 11.37816pt.
File: icons/cadrage.png Graphic file (type png)
 <use icons/cadrage.png>
Package pdftex.def Info: icons/cadrage.png used on input line 24.
(pdftex.def)             Requested size: 11.37831pt x 11.37816pt.
File: icons/cadrage.png Graphic file (type png)
 <use icons/cadrage.png>
Package pdftex.def Info: icons/cadrage.png used on input line 24.
(pdftex.def)             Requested size: 11.37831pt x 11.37816pt.
File: icons/cadrage.png Graphic file (type png)

<use icons/cadrage.png>
Package pdftex.def Info: icons/cadrage.png used on input line 29.
(pdftex.def)             Requested size: 11.37831pt x 11.37816pt.
File: icons/cadrage.png Graphic file (type png)
 <use icons/cadrage.png>
Package pdftex.def Info: icons/cadrage.png used on input line 30.
(pdftex.def)             Requested size: 11.37831pt x 11.37816pt.
File: icons/cadrage.png Graphic file (type png)
 <use icons/cadrage.png>
Package pdftex.def Info: icons/cadrage.png used on input line 32.
(pdftex.def)             Requested size: 11.37831pt x 11.37816pt.
File: icons/cadrage.png Graphic file (type png)

<use icons/cadrage.png>
Package pdftex.def Info: icons/cadrage.png used on input line 32.
(pdftex.def)             Requested size: 11.37831pt x 11.37816pt.
File: icons/cadrage.png Graphic file (type png)
 <use icons/cadrage.png>
Package pdftex.def Info: icons/cadrage.png used on input line 34.
(pdftex.def)             Requested size: 11.37831pt x 11.37816pt.
File: icons/cadrage.png Graphic file (type png)
 <use icons/cadrage.png>
Package pdftex.def Info: icons/cadrage.png used on input line 35.
(pdftex.def)             Requested size: 11.37831pt x 11.37816pt.
File: icons/cadrage.png Graphic file (type png)

<use icons/cadrage.png>
Package pdftex.def Info: icons/cadrage.png used on input line 49.
(pdftex.def)             Requested size: 11.37831pt x 11.37816pt.

Underfull \hbox (badness 10000) in paragraph at lines 21--53

 []


Underfull \hbox (badness 10000) in paragraph at lines 21--53

 []


Underfull \hbox (badness 10000) in paragraph at lines 54--57

 []

File: icons/cadrage.png Graphic file (type png)
<use icons/cadrage.png>
Package pdftex.def Info: icons/cadrage.png used on input line 61.
(pdftex.def)             Requested size: 8.53374pt x 8.53307pt.
File: icons/cadrage.png Graphic file (type png)
 <use icons/cadrage.png>
Package pdftex.def Info: icons/cadrage.png used on input line 63.
(pdftex.def)             Requested size: 8.53374pt x 8.53307pt.

Underfull \hbox (badness 10000) in paragraph at lines 61--73

 []

<affiches/lost.jpg, id=277, 220.825pt x 340.27126pt>
File: affiches/lost.jpg Graphic file (type jpg)
 <use affiches/lost.jpg>
Package pdftex.def Info: affiches/lost.jpg used on input line 75.
(pdftex.def)             Requested size: 113.81102pt x 175.37404pt.

Overfull \hbox (27.91568pt too wide) in paragraph at lines 59--78
[][] 
 []

[3]
File: icons/cadrage.png Graphic file (type png)
 <use icons/cadrage.png>
Package pdftex.def Info: icons/cadrage.png used on input line 81.
(pdftex.def)             Requested size: 11.37831pt x 11.37816pt.

Underfull \hbox (badness 10000) in paragraph at lines 81--84

 []


Underfull \hbox (badness 10000) in paragraph at lines 86--87

 []


Underfull \hbox (badness 10000) in paragraph at lines 90--94

 []

File: icons/cadrage.png Graphic file (type png)
<use icons/cadrage.png>
Package pdftex.def Info: icons/cadrage.png used on input line 96.
(pdftex.def)             Requested size: 11.37831pt x 11.37816pt.

Underfull \hbox (badness 10000) in paragraph at lines 96--98

 []

File: icons/cadrage.png Graphic file (type png)
<use icons/cadrage.png>
Package pdftex.def Info: icons/cadrage.png used on input line 113.
(pdftex.def)             Requested size: 11.37831pt x 11.37816pt.
File: icons/cadrage.png Graphic file (type png)
 <use icons/cadrage.png>
Package pdftex.def Info: icons/cadrage.png used on input line 117.
(pdftex.def)             Requested size: 11.37831pt x 11.37816pt.

Underfull \hbox (badness 10000) in paragraph at lines 100--124

 []

[4 <./affiches/lost.jpg>]
File: icons/cadrage.png Graphic file (type png)
 <use icons/cadrage.png>
Package pdftex.def Info: icons/cadrage.png used on input line 127.
(pdftex.def)             Requested size: 11.37831pt x 11.37816pt.

Underfull \hbox (badness 10000) in paragraph at lines 126--140

 []

File: icons/cadrage.png Graphic file (type png)
<use icons/cadrage.png>
Package pdftex.def Info: icons/cadrage.png used on input line 146.
(pdftex.def)             Requested size: 8.53374pt x 8.53307pt.
File: icons/cadrage.png Graphic file (type png)
 <use icons/cadrage.png>
Package pdftex.def Info: icons/cadrage.png used on input line 151.
(pdftex.def)             Requested size: 8.53374pt x 8.53307pt.

Underfull \hbox (badness 10000) in paragraph at lines 145--158

 []

<affiches/brazil.jpg, id=341, 274.626pt x 389.5353pt>
File: affiches/brazil.jpg Graphic file (type jpg)

<use affiches/brazil.jpg>
Package pdftex.def Info: affiches/brazil.jpg used on input line 160.
(pdftex.def)             Requested size: 113.81102pt x 161.42825pt.

Overfull \hbox (27.91568pt too wide) in paragraph at lines 143--163
[][] 
 []

[5 <./affiches/brazil.jpg>]
<affiches/bladerunner.jpg, id=346, 274.626pt x 387.3672pt>
File: affiches/bladerunner.jpg Graphic file (type jpg)

<use affiches/bladerunner.jpg>
Package pdftex.def Info: affiches/bladerunner.jpg used on input line 167.
(pdftex.def)             Requested size: 128.03653pt x 180.59674pt.

<affiches/gattaca.jpg, id=347, 381.425pt x 530.98375pt>
File: affiches/gattaca.jpg Graphic file (type jpg)

<use affiches/gattaca.jpg>
Package pdftex.def Info: affiches/gattaca.jpg used on input line 170.
(pdftex.def)             Requested size: 128.03653pt x 178.23917pt.
 <affiches/D9.jpg, id=348, 91.542pt x 136.1085pt>
File: affiches/D9.jpg Graphic file (type jpg)

<use affiches/D9.jpg>
Package pdftex.def Info: affiches/D9.jpg used on input line 173.
(pdftex.def)             Requested size: 128.03653pt x 190.39066pt.

Overfull \hbox (7.54723pt too wide) in paragraph at lines 165--176
[][] 
 []

File: icons/cadrage.png Graphic file (type png)
<use icons/cadrage.png>
Package pdftex.def Info: icons/cadrage.png used on input line 185.
(pdftex.def)             Requested size: 11.37831pt x 11.37816pt.

Underfull \hbox (badness 10000) in paragraph at lines 185--188

 []

File: icons/cadrage.png Graphic file (type png)
<use icons/cadrage.png>
Package pdftex.def Info: icons/cadrage.png used on input line 192.
(pdftex.def)             Requested size: 8.53374pt x 8.53307pt.
File: icons/cadrage.png Graphic file (type png)
 <use icons/cadrage.png>
Package pdftex.def Info: icons/cadrage.png used on input line 195.
(pdftex.def)             Requested size: 8.53374pt x 8.53307pt.
File: icons/cadrage.png Graphic file (type png)
 <use icons/cadrage.png>
Package pdftex.def Info: icons/cadrage.png used on input line 203.
(pdftex.def)             Requested size: 8.53374pt x 8.53307pt.

Underfull \hbox (badness 10000) in paragraph at lines 192--204

 []

<affiches/silence.jpeg, id=366, 274.626pt x 411.939pt>
File: affiches/silence.jpeg Graphic file (type jpg)

<use affiches/silence.jpeg>
Package pdftex.def Info: affiches/silence.jpeg used on input line 206.
(pdftex.def)             Requested size: 86.49748pt x 129.7426pt.

Overfull \hbox (0.60214pt too wide) in paragraph at lines 190--209
[][] 
 []

File: icons/cadrage.png Graphic file (type png)
<use icons/cadrage.png>
Package pdftex.def Info: icons/cadrage.png used on input line 214.
(pdftex.def)             Requested size: 8.53374pt x 8.53307pt.
File: icons/cadrage.png Graphic file (type png)
 <use icons/cadrage.png>
Package pdftex.def Info: icons/cadrage.png used on input line 217.
(pdftex.def)             Requested size: 8.53374pt x 8.53307pt.

Underfull \hbox (badness 10000) in paragraph at lines 214--218

 []

<affiches/FMJ.jpg, id=373, 381.425pt x 384.43625pt>
File: affiches/FMJ.jpg Graphic file (type jpg)
 <use affiches/FMJ.jpg>
Package pdftex.def Info: affiches/FMJ.jpg used on input line 220.
(pdftex.def)             Requested size: 86.49748pt x 87.18074pt.

Overfull \hbox (0.60214pt too wide) in paragraph at lines 212--223
[][] 
 []

[6 <./affiches/bladerunner.jpg> <./affiches/gattaca.jpg> <./affiches/D9.jpg> <.
/affiches/silence.jpeg>]
File: icons/cadrage.png Graphic file (type png)
 <use icons/cadrage.png>
Package pdftex.def Info: icons/cadrage.png used on input line 229.
(pdftex.def)             Requested size: 11.37831pt x 11.37816pt.
File: icons/cadrage.png Graphic file (type png)
 <use icons/cadrage.png>
Package pdftex.def Info: icons/cadrage.png used on input line 230.
(pdftex.def)             Requested size: 11.37831pt x 11.37816pt.

Underfull \hbox (badness 10000) in paragraph at lines 228--231

 []

File: icons/cadrage.png Graphic file (type png)
<use icons/cadrage.png>
Package pdftex.def Info: icons/cadrage.png used on input line 239.
(pdftex.def)             Requested size: 11.37831pt x 11.37816pt.
File: icons/cadrage.png Graphic file (type png)
 <use icons/cadrage.png>
Package pdftex.def Info: icons/cadrage.png used on input line 240.
(pdftex.def)             Requested size: 11.37831pt x 11.37816pt.

Underfull \hbox (badness 10000) in paragraph at lines 240--243

 []


Underfull \hbox (badness 10000) in paragraph at lines 250--254

 []


Underfull \hbox (badness 10000) in paragraph at lines 256--258

 []

File: icons/cadrage.png Graphic file (type png)
<use icons/cadrage.png>
Package pdftex.def Info: icons/cadrage.png used on input line 264.
(pdftex.def)             Requested size: 8.53374pt x 8.53307pt.

Underfull \hbox (badness 10000) in paragraph at lines 262--271

 []

<affiches/citizenkane.jpg, id=400, 366.168pt x 489.5088pt>
File: affiches/citizenkane.jpg Graphic file (type jpg)

<use affiches/citizenkane.jpg>
Package pdftex.def Info: affiches/citizenkane.jpg used on input line 273.
(pdftex.def)             Requested size: 86.49748pt x 115.63213pt.

Overfull \hbox (0.60214pt too wide) in paragraph at lines 260--276
[][] 
 []

[7 <./affiches/FMJ.jpg>] [8 <./affiches/citizenkane.jpg>]
Underfull \hbox (badness 10000) in paragraph at lines 280--296

 []

File: icons/cadrage.png Graphic file (type png)
<use icons/cadrage.png>
Package pdftex.def Info: icons/cadrage.png used on input line 302.
(pdftex.def)             Requested size: 11.37831pt x 11.37816pt.

Underfull \hbox (badness 10000) in paragraph at lines 299--306

 []

File: icons/cadrage.png Graphic file (type png)
<use icons/cadrage.png>
Package pdftex.def Info: icons/cadrage.png used on input line 310.
(pdftex.def)             Requested size: 8.53374pt x 8.53307pt.
File: icons/cadrage.png Graphic file (type png)
 <use icons/cadrage.png>
Package pdftex.def Info: icons/cadrage.png used on input line 310.
(pdftex.def)             Requested size: 8.53374pt x 8.53307pt.
File: icons/cadrage.png Graphic file (type png)
 <use icons/cadrage.png>
Package pdftex.def Info: icons/cadrage.png used on input line 312.
(pdftex.def)             Requested size: 8.53374pt x 8.53307pt.
File: icons/cadrage.png Graphic file (type png)

<use icons/cadrage.png>
Package pdftex.def Info: icons/cadrage.png used on input line 312.
(pdftex.def)             Requested size: 8.53374pt x 8.53307pt.
File: icons/cadrage.png Graphic file (type png)
 <use icons/cadrage.png>
Package pdftex.def Info: icons/cadrage.png used on input line 314.
(pdftex.def)             Requested size: 8.53374pt x 8.53307pt.

Underfull \hbox (badness 10000) in paragraph at lines 310--323

 []

<affiches/pierrot.jpg, id=432, 314.17375pt x 426.59375pt>
File: affiches/pierrot.jpg Graphic file (type jpg)

<use affiches/pierrot.jpg>
Package pdftex.def Info: affiches/pierrot.jpg used on input line 325.
(pdftex.def)             Requested size: 91.04742pt x 123.62439pt.

Overfull \hbox (5.15208pt too wide) in paragraph at lines 308--328
[][] 
 []

File: icons/cadrage.png Graphic file (type png)
<use icons/cadrage.png>
Package pdftex.def Info: icons/cadrage.png used on input line 332.
(pdftex.def)             Requested size: 11.37831pt x 11.37816pt.
File: icons/cadrage.png Graphic file (type png)
 <use icons/cadrage.png>
Package pdftex.def Info: icons/cadrage.png used on input line 332.
(pdftex.def)             Requested size: 11.37831pt x 11.37816pt.

Underfull \hbox (badness 10000) in paragraph at lines 331--335

 []


Underfull \hbox (badness 10000) in paragraph at lines 337--339

 []


Underfull \hbox (badness 10000) in paragraph at lines 341--345

 []

[9 <./affiches/pierrot.jpg>]
File: icons/cadrage.png Graphic file (type png)
 <use icons/cadrage.png>
Package pdftex.def Info: icons/cadrage.png used on input line 349.
(pdftex.def)             Requested size: 11.37831pt x 11.37816pt.
File: icons/cadrage.png Graphic file (type png)
 <use icons/cadrage.png>
Package pdftex.def Info: icons/cadrage.png used on input line 351.
(pdftex.def)             Requested size: 11.37831pt x 11.37816pt.

<affiches/tontons.jpg, id=444, 381.425pt x 508.90125pt>
File: affiches/tontons.jpg Graphic file (type jpg)

<use affiches/tontons.jpg>
Package pdftex.def Info: affiches/tontons.jpg used on input line 352.
(pdftex.def)             Requested size: 172.99498pt x 230.81273pt.

Underfull \hbox (badness 10000) in paragraph at lines 347--353

 []


Underfull \hbox (badness 10000) in paragraph at lines 347--353

 []

(./realisateurs.tex [10 <./affiches/tontons.jpg>]
<acteurs/JJ.jpg, id=449, 214.8025pt x 315.1775pt>
File: acteurs/JJ.jpg Graphic file (type jpg)
 <use acteurs/JJ.jpg>
Package pdftex.def Info: acteurs/JJ.jpg used on input line 9.
(pdftex.def)             Requested size: 68.28383pt x 100.19037pt.

<acteurs/TG.jpg, id=451, 225.84375pt x 307.90031pt>
File: acteurs/TG.jpg Graphic file (type jpg)
 <use acteurs/TG.jpg>
Package pdftex.def Info: acteurs/TG.jpg used on input line 21.
(pdftex.def)             Requested size: 68.28383pt x 93.09431pt.

<acteurs/JLG.png, id=453, 381.425pt x 511.9125pt>
File: acteurs/JLG.png Graphic file (type png)
 <use acteurs/JLG.png>
Package pdftex.def Info: acteurs/JLG.png used on input line 32.
(pdftex.def)             Requested size: 68.28383pt x 91.64035pt.

<acteurs/WA.jpg, id=455, 323.2075pt x 401.5pt>
File: acteurs/WA.jpg Graphic file (type jpg)
 <use acteurs/WA.jpg>
Package pdftex.def Info: acteurs/WA.jpg used on input line 43.
(pdftex.def)             Requested size: 68.28383pt x 84.81984pt.

<acteurs/RP.jpg, id=457, 214.8025pt x 315.1775pt>
File: acteurs/RP.jpg Graphic file (type jpg)
 <use acteurs/RP.jpg>
Package pdftex.def Info: acteurs/RP.jpg used on input line 55.
(pdftex.def)             Requested size: 68.28383pt x 100.19037pt.

<acteurs/FFC.jpg, id=459, 271.0125pt x 338.76563pt>
File: acteurs/FFC.jpg Graphic file (type jpg)
 <use acteurs/FFC.jpg>
Package pdftex.def Info: acteurs/FFC.jpg used on input line 68.
(pdftex.def)             Requested size: 68.28383pt x 85.35284pt.

<acteurs/MS.jpeg, id=461, 301.125pt x 384.43625pt>
File: acteurs/MS.jpeg Graphic file (type jpg)
 <use acteurs/MS.jpeg>
Package pdftex.def Info: acteurs/MS.jpeg used on input line 80.
(pdftex.def)             Requested size: 68.28383pt x 87.17488pt.

<acteurs/kubrick.jpeg, id=463, 214.8025pt x 264.99pt>
File: acteurs/kubrick.jpeg Graphic file (type jpg)

<use acteurs/kubrick.jpeg>
Package pdftex.def Info: acteurs/kubrick.jpeg used on input line 91.
(pdftex.def)             Requested size: 68.28383pt x 84.2365pt.
 <acteurs/JPJ.jpg, id=465, 222.8325pt x 321.2pt>
File: acteurs/JPJ.jpg Graphic file (type jpg)

<use acteurs/JPJ.jpg>
Package pdftex.def Info: acteurs/JPJ.jpg used on input line 104.
(pdftex.def)             Requested size: 68.28383pt x 98.4241pt.
 <acteurs/MG.jpg, id=467, 342.27875pt x 481.8pt>
File: acteurs/MG.jpg Graphic file (type jpg)

<use acteurs/MG.jpg>
Package pdftex.def Info: acteurs/MG.jpg used on input line 116.
(pdftex.def)             Requested size: 68.28383pt x 96.11568pt.
 <acteurs/RS.jpg, id=469, 214.8025pt x 315.1775pt>
File: acteurs/RS.jpg Graphic file (type jpg)

<use acteurs/RS.jpg>
Package pdftex.def Info: acteurs/RS.jpg used on input line 127.
(pdftex.def)             Requested size: 68.28383pt x 100.19037pt.
 <acteurs/DC.jpeg, id=471, 66.2475pt x 88.22963pt>
File: acteurs/DC.jpeg Graphic file (type jpg)

<use acteurs/DC.jpeg>
Package pdftex.def Info: acteurs/DC.jpeg used on input line 138.
(pdftex.def)             Requested size: 68.28383pt x 90.94753pt.

Overfull \hbox (149.71992pt too wide) in paragraph at lines 7--150
[][] 
 []

[11 <./acteurs/JJ.jpg> <./acteurs/TG.jpg> <./acteurs/JLG.png> <./acteurs/WA.jpg
> <./acteurs/RP.jpg> <./acteurs/FFC.jpg> <./acteurs/MS.jpeg> <./acteurs/kubrick
.jpeg> <./acteurs/JPJ.jpg> <./acteurs/MG.jpg> <./acteurs/RS.jpg> <./acteurs/DC.
jpeg>] <acteurs/OW.jpg, id=478, 284.06125pt x 284.06125pt>
File: acteurs/OW.jpg Graphic file (type jpg)

<use acteurs/OW.jpg>
Package pdftex.def Info: acteurs/OW.jpg used on input line 154.
(pdftex.def)             Requested size: 68.28383pt x 68.28444pt.
 <acteurs/FC.png, id=480, 386.44376pt x 456.70625pt>
File: acteurs/FC.png Graphic file (type png)

<use acteurs/FC.png>
Package pdftex.def Info: acteurs/FC.png used on input line 166.
(pdftex.def)             Requested size: 68.28383pt x 80.69832pt.

Overfull \hbox (149.71992pt too wide) in paragraph at lines 152--190
[][] 
 []


Underfull \hbox (badness 10000) in paragraph at lines 152--190

 []


Underfull \hbox (badness 10000) in paragraph at lines 152--190

 []


Underfull \hbox (badness 10000) in paragraph at lines 152--190

 []


Underfull \hbox (badness 10000) in paragraph at lines 152--190

 []


Underfull \hbox (badness 10000) in paragraph at lines 152--190

 []


Underfull \hbox (badness 10000) in paragraph at lines 191--192

 []

) (./acteurs.tex [12 <./acteurs/OW.jpg> <./acteurs/FC.png>]
<acteurs/DH.jpg, id=488, 224.33812pt x 224.33812pt>
File: acteurs/DH.jpg Graphic file (type jpg)
 <use acteurs/DH.jpg>
Package pdftex.def Info: acteurs/DH.jpg used on input line 8.
(pdftex.def)             Requested size: 68.28383pt x 68.28096pt.

<acteurs/HK.jpg, id=489, 403.5075pt x 403.5075pt>
File: acteurs/HK.jpg Graphic file (type jpg)
 <use acteurs/HK.jpg>
Package pdftex.def Info: acteurs/HK.jpg used on input line 9.
(pdftex.def)             Requested size: 68.28383pt x 68.28136pt.

<acteurs/FW.jpg, id=490, 187.45032pt x 187.45032pt>
File: acteurs/FW.jpg Graphic file (type jpg)
 <use acteurs/FW.jpg>
Package pdftex.def Info: acteurs/FW.jpg used on input line 10.
(pdftex.def)             Requested size: 68.28383pt x 68.28293pt.

<acteurs/JM.jpg, id=491, 301.125pt x 301.125pt>
File: acteurs/JM.jpg Graphic file (type jpg)
 <use acteurs/JM.jpg>
Package pdftex.def Info: acteurs/JM.jpg used on input line 11.
(pdftex.def)             Requested size: 68.28383pt x 68.28319pt.

<acteurs/BM.jpg, id=492, 200.75pt x 205.76875pt>
File: acteurs/BM.jpg Graphic file (type jpg)
 <use acteurs/BM.jpg>
Package pdftex.def Info: acteurs/BM.jpg used on input line 12.
(pdftex.def)             Requested size: 68.28383pt x 69.99184pt.

<acteurs/CW.jpg, id=498, 54.2025pt x 54.2025pt>
File: acteurs/CW.jpg Graphic file (type jpg)
 <use acteurs/CW.jpg>
Package pdftex.def Info: acteurs/CW.jpg used on input line 19.
(pdftex.def)             Requested size: 68.28383pt x 68.29219pt.

<acteurs/JN.jpg, id=499, 401.5pt x 401.5pt>
File: acteurs/JN.jpg Graphic file (type jpg)
 <use acteurs/JN.jpg>
Package pdftex.def Info: acteurs/JN.jpg used on input line 20.
(pdftex.def)             Requested size: 68.28383pt x 68.28471pt.

<acteurs/TLJ.jpg, id=500, 352.31625pt x 352.31625pt>
File: acteurs/TLJ.jpg Graphic file (type jpg)
 <use acteurs/TLJ.jpg>
Package pdftex.def Info: acteurs/TLJ.jpg used on input line 21.
(pdftex.def)             Requested size: 68.28383pt x 68.27937pt.

<acteurs/WD.jpg, id=501, 260.975pt x 260.975pt>
File: acteurs/WD.jpg Graphic file (type jpg)
 <use acteurs/WD.jpg>
Package pdftex.def Info: acteurs/WD.jpg used on input line 22.
(pdftex.def)             Requested size: 68.28383pt x 68.28197pt.

<acteurs/GH.jpg, id=502, 216.81pt x 216.81pt>
File: acteurs/GH.jpg Graphic file (type jpg)
 <use acteurs/GH.jpg>
Package pdftex.def Info: acteurs/GH.jpg used on input line 23.
(pdftex.def)             Requested size: 68.28383pt x 68.28227pt.

<acteurs/SB.jpg, id=508, 359.3425pt x 359.3425pt>
File: acteurs/SB.jpg Graphic file (type jpg)
 <use acteurs/SB.jpg>
Package pdftex.def Info: acteurs/SB.jpg used on input line 31.
(pdftex.def)             Requested size: 68.28383pt x 68.28127pt.

<acteurs/RP2.jpg, id=509, 333.245pt x 333.245pt>
File: acteurs/RP2.jpg Graphic file (type jpg)
 <use acteurs/RP2.jpg>
Package pdftex.def Info: acteurs/RP2.jpg used on input line 32.
(pdftex.def)             Requested size: 68.28383pt x 68.28006pt.

<acteurs/JG.jpg, id=510, 401.5pt x 401.5pt>
File: acteurs/JG.jpg Graphic file (type jpg)
 <use acteurs/JG.jpg>
Package pdftex.def Info: acteurs/JG.jpg used on input line 33.
(pdftex.def)             Requested size: 68.28383pt x 68.28471pt.
File: acteurs/OW.jpg Graphic file (type jpg)

<use acteurs/OW.jpg>
Package pdftex.def Info: acteurs/OW.jpg used on input line 34.
(pdftex.def)             Requested size: 68.28383pt x 68.28444pt.
 <acteurs/void.jpg, id=511, 249.93375pt x 249.93375pt>
File: acteurs/void.jpg Graphic file (type jpg)

<use acteurs/void.jpg>
Package pdftex.def Info: acteurs/void.jpg used on input line 35.
(pdftex.def)             Requested size: 68.28383pt x 68.28387pt.


Package hyperref Warning: Suppressing empty link on input line 40.


Overfull \hbox (35.73517pt too wide) in paragraph at lines 6--42
[][] 
 []


Underfull \hbox (badness 10000) in paragraph at lines 6--42

 []


Underfull \hbox (badness 10000) in paragraph at lines 6--42

 []


Underfull \hbox (badness 10000) in paragraph at lines 6--42

 []


Underfull \hbox (badness 10000) in paragraph at lines 44--64

 []


Underfull \hbox (badness 10000) in paragraph at lines 65--73

 []

[13 <./acteurs/DH.jpg> <./acteurs/HK.jpg> <./acteurs/FW.jpg> <./acteurs/JM.jpg>
 <./acteurs/BM.jpg> <./acteurs/CW.jpg> <./acteurs/JN.jpg> <./acteurs/TLJ.jpg> <
./acteurs/WD.jpg> <./acteurs/GH.jpg> <./acteurs/SB.jpg> <./acteurs/RP2.jpg> <./
acteurs/JG.jpg> <./acteurs/void.jpg>]
<acteurs/CM.jpg, id=521, 327.2225pt x 327.2225pt>
File: acteurs/CM.jpg Graphic file (type jpg)
 <use acteurs/CM.jpg>
Package pdftex.def Info: acteurs/CM.jpg used on input line 76.
(pdftex.def)             Requested size: 68.28383pt x 68.28435pt.
File: acteurs/void.jpg Graphic file (type jpg)

<use acteurs/void.jpg>
Package pdftex.def Info: acteurs/void.jpg used on input line 77.
(pdftex.def)             Requested size: 68.28383pt x 68.28387pt.
File: acteurs/void.jpg Graphic file (type jpg)
 <use acteurs/void.jpg>
Package pdftex.def Info: acteurs/void.jpg used on input line 78.
(pdftex.def)             Requested size: 68.28383pt x 68.28387pt.
File: acteurs/void.jpg Graphic file (type jpg)
 <use acteurs/void.jpg>
Package pdftex.def Info: acteurs/void.jpg used on input line 79.
(pdftex.def)             Requested size: 68.28383pt x 68.28387pt.
File: acteurs/void.jpg Graphic file (type jpg)

<use acteurs/void.jpg>
Package pdftex.def Info: acteurs/void.jpg used on input line 80.
(pdftex.def)             Requested size: 68.28383pt x 68.28387pt.


Package hyperref Warning: Suppressing empty link on input line 82.


Package hyperref Warning: Suppressing empty link on input line 83.


Package hyperref Warning: Suppressing empty link on input line 84.


Package hyperref Warning: Suppressing empty link on input line 85.

) [14 <./acteurs/CM.jpg>]
Underfull \hbox (badness 10000) in paragraph at lines 384--388

 []


Underfull \hbox (badness 10000) in paragraph at lines 399--406

 []

[15]
Underfull \hbox (badness 10000) in paragraph at lines 408--412

 []


Underfull \hbox (badness 10000) in paragraph at lines 414--416

 []

Package atveryend Info: Empty hook `BeforeClearDocument' on input line 428.
[16]
Package atveryend Info: Empty hook `AfterLastShipout' on input line 428.
 (tmp/main.aux)
Package atveryend Info: Executing hook `AtVeryEndDocument' on input line 428.
Package atveryend Info: Executing hook `AtEndAfterFileList' on input line 428.
Package rerunfilecheck Info: File `main.out' has not changed.
(rerunfilecheck)             Checksum: <no file>.
Package atveryend Info: Empty hook `AtVeryVeryEnd' on input line 428.
 ) 
Here is how much of TeX's memory you used:
 7457 strings out of 493117
 108180 string characters out of 6135433
 206880 words of memory out of 5000000
 10722 multiletter control sequences out of 15000+600000
 11768 words of font info for 30 fonts, out of 8000000 for 9000
 1141 hyphenation exceptions out of 8191
 31i,16n,43p,275b,439s stack positions out of 5000i,500n,10000p,200000b,80000s
{/usr/local/texlive/2014/texmf-dist/fonts/enc/dvips/cm-super/cm-super-t1.enc}
</usr/local/texlive/2014/texmf-dist/fonts/type1/public/cm-super/sfbx1200.pfb></
usr/local/texlive/2014/texmf-dist/fonts/type1/public/cm-super/sfbx1440.pfb></us
r/local/texlive/2014/texmf-dist/fonts/type1/public/cm-super/sfbx1728.pfb></usr/
local/texlive/2014/texmf-dist/fonts/type1/public/cm-super/sfrm0800.pfb></usr/lo
cal/texlive/2014/texmf-dist/fonts/type1/public/cm-super/sfrm1200.pfb>
Output written on tmp/main.pdf (16 pages, 2099934 bytes).
PDF statistics:
 579 PDF objects out of 1000 (max. 8388607)
 505 compressed objects within 6 object streams
 62 named destinations out of 1000 (max. 500000)
 542 words of extra memory for PDF output out of 10000 (max. 10000000)

